<?xml version="1.0" encoding="UTF-8"?>
<testsuite name="application.Automaton2DimTest" tests="2" skipped="0" failures="0" errors="0" timestamp="2017-06-08T18:45:49" hostname="Y50-70" time="0.002">
  <properties/>
  <testcase name="hasNextCoordinatesTest" classname="application.Automaton2DimTest" time="0.001"/>
  <testcase name="nextCoordinatesTest" classname="application.Automaton2DimTest" time="0.001"/>
  <system-out><![CDATA[]]></system-out>
  <system-err><![CDATA[]]></system-err>
</testsuite>
