<?xml version="1.0" encoding="UTF-8"?>
<testsuite name="application.LangtonsAntTest" tests="2" skipped="0" failures="0" errors="0" timestamp="2017-06-08T18:45:49" hostname="Y50-70" time="0.008">
  <properties/>
  <testcase name="getDirectionTest" classname="application.LangtonsAntTest" time="0.006"/>
  <testcase name="nextCellStateTest" classname="application.LangtonsAntTest" time="0.002"/>
  <system-out><![CDATA[]]></system-out>
  <system-err><![CDATA[]]></system-err>
</testsuite>
