<?xml version="1.0" encoding="UTF-8"?>
<testsuite name="application.AutomatonTest" tests="1" skipped="0" failures="0" errors="0" timestamp="2017-06-08T18:45:49" hostname="Y50-70" time="0.304">
  <properties/>
  <testcase name="nextStateTest" classname="application.AutomatonTest" time="0.304"/>
  <system-out><![CDATA[]]></system-out>
  <system-err><![CDATA[]]></system-err>
</testsuite>
