<?xml version="1.0" encoding="UTF-8"?>
<testsuite name="application.NeighborhoodTest" tests="5" skipped="0" failures="0" errors="0" timestamp="2017-06-08T18:45:49" hostname="Y50-70" time="0.007">
  <properties/>
  <testcase name="MloopTestFor1D" classname="application.NeighborhoodTest" time="0.001"/>
  <testcase name="MloopTestFor2D" classname="application.NeighborhoodTest" time="0.003"/>
  <testcase name="VNloopTestFor1D" classname="application.NeighborhoodTest" time="0.001"/>
  <testcase name="VNloopTestFor2D" classname="application.NeighborhoodTest" time="0.001"/>
  <testcase name="MEdgeLoopTestFor2D" classname="application.NeighborhoodTest" time="0.0"/>
  <system-out><![CDATA[]]></system-out>
  <system-err><![CDATA[]]></system-err>
</testsuite>
