<?xml version="1.0" encoding="UTF-8"?>
<testsuite name="application.GameOfLifeTest" tests="2" skipped="0" failures="0" errors="0" timestamp="2017-06-08T18:45:49" hostname="Y50-70" time="0.003">
  <properties/>
  <testcase name="nextCellStateQuadLifeTest" classname="application.GameOfLifeTest" time="0.002"/>
  <testcase name="nextCellStateTest" classname="application.GameOfLifeTest" time="0.001"/>
  <system-out><![CDATA[]]></system-out>
  <system-err><![CDATA[]]></system-err>
</testsuite>
